Copyright 1986-2018 Xilinx, Inc. All Rights Reserved.
----------------------------------------------------------------------------------------------------------------------------------------------------------------
| Tool Version     : Vivado v.2018.3_AR72075 (lin64) Build 2405991 Thu Dec  6 23:36:41 MST 2018
| Date             : Sat Sep 12 12:05:24 2020
| Host             : alvin running 64-bit Ubuntu 16.04.6 LTS
| Command          : report_power -file sys_bd_wrapper_power_routed.rpt -pb sys_bd_wrapper_power_summary_routed.pb -rpx sys_bd_wrapper_power_routed.rpx
| Design           : sys_bd_wrapper
| Device           : xczu9eg-ffvb1156-2-e
| Design State     : routed
| Grade            : extended
| Process          : typical
| Characterization : Production
----------------------------------------------------------------------------------------------------------------------------------------------------------------

Power Report

Table of Contents
-----------------
1. Summary
1.1 On-Chip Components
1.2 Power Supply Summary
1.3 Confidence Level
2. Settings
2.1 Environment
2.2 Clock Constraints
3. Detailed Reports
3.1 By Hierarchy

1. Summary
----------

+--------------------------+--------------+
| Total On-Chip Power (W)  | 3.613        |
| Design Power Budget (W)  | Unspecified* |
| Power Budget Margin (W)  | NA           |
| Dynamic (W)              | 2.891        |
| Device Static (W)        | 0.722        |
| Effective TJA (C/W)      | 1.0          |
| Max Ambient (C)          | 96.5         |
| Junction Temperature (C) | 28.5         |
| Confidence Level         | Medium       |
| Setting File             | ---          |
| Simulation Activity File | ---          |
| Design Nets Matched      | NA           |
+--------------------------+--------------+
* Specify Design Power Budget using, set_operating_conditions -design_power_budget <value in Watts>


1.1 On-Chip Components
----------------------

+--------------------------+-----------+----------+-----------+-----------------+
| On-Chip                  | Power (W) | Used     | Available | Utilization (%) |
+--------------------------+-----------+----------+-----------+-----------------+
| Clocks                   |     0.030 |        6 |       --- |             --- |
| CLB Logic                |     0.049 |    23565 |       --- |             --- |
|   LUT as Distributed RAM |     0.032 |     1032 |    144000 |            0.72 |
|   LUT as Logic           |     0.014 |     7134 |    274080 |            2.60 |
|   Register               |     0.002 |    10306 |    548160 |            1.88 |
|   LUT as Shift Register  |    <0.001 |      324 |    144000 |            0.23 |
|   CARRY8                 |    <0.001 |       57 |     34260 |            0.17 |
|   Others                 |    <0.001 |     1279 |       --- |             --- |
|   F7/F8 Muxes            |     0.000 |      260 |    274080 |            0.09 |
| Signals                  |     0.024 |    16019 |       --- |             --- |
| Block RAM                |     0.015 |       32 |       912 |            3.51 |
| PS8                      |     2.774 |        1 |       --- |             --- |
| Static Power             |     0.722 |          |           |                 |
|   PS Static              |     0.098 |          |           |                 |
|   PL Static              |     0.624 |          |           |                 |
| Total                    |     3.613 |          |           |                 |
+--------------------------+-----------+----------+-----------+-----------------+


1.2 Power Supply Summary
------------------------

+-----------------+-------------+-----------+-------------+------------+
| Source          | Voltage (V) | Total (A) | Dynamic (A) | Static (A) |
+-----------------+-------------+-----------+-------------+------------+
| Vccint          |       0.850 |     0.338 |       0.137 |      0.200 |
| Vccint_io       |       0.850 |     0.036 |       0.000 |      0.036 |
| Vccbram         |       0.850 |     0.003 |       0.000 |      0.003 |
| Vccaux          |       1.800 |     0.193 |       0.000 |      0.193 |
| Vccaux_io       |       1.800 |     0.033 |       0.000 |      0.033 |
| Vcco33          |       3.300 |     0.000 |       0.000 |      0.000 |
| Vcco25          |       2.500 |     0.000 |       0.000 |      0.000 |
| Vcco18          |       1.800 |     0.000 |       0.000 |      0.000 |
| Vcco15          |       1.500 |     0.000 |       0.000 |      0.000 |
| Vcco135         |       1.350 |     0.000 |       0.000 |      0.000 |
| Vcco12          |       1.200 |     0.000 |       0.000 |      0.000 |
| Vcco10          |       1.000 |     0.000 |       0.000 |      0.000 |
| Vccadc          |       1.800 |     0.008 |       0.000 |      0.008 |
| VCC_PSINTFP     |       0.850 |     1.112 |       1.077 |      0.035 |
| VCC_PSINTLP     |       0.850 |     0.275 |       0.268 |      0.007 |
| VPS_MGTRAVCC    |       0.850 |     0.190 |       0.189 |      0.001 |
| VCC_PSINTFP_DDR |       0.850 |     0.701 |       0.696 |      0.004 |
| VCC_PSPLL       |       1.200 |     0.073 |       0.071 |      0.002 |
| VPS_MGTRAVTT    |       1.800 |     0.034 |       0.033 |      0.001 |
| VCCO_PSDDR_504  |       1.200 |     0.626 |       0.592 |      0.034 |
| VCC_PSAUX       |       1.800 |     0.002 |       0.000 |      0.002 |
| VCC_PSBATT      |       1.200 |     0.000 |       0.000 |      0.000 |
| VCC_PSDDR_PLL   |       1.800 |     0.012 |       0.011 |      0.001 |
| VCCO_PSIO0_500  |       1.800 |     0.001 |       0.001 |      0.001 |
| VCCO_PSIO1_501  |       1.800 |     0.001 |       0.000 |      0.001 |
| VCCO_PSIO2_502  |       1.800 |     0.001 |       0.000 |      0.001 |
| VCCO_PSIO3_503  |       1.800 |     0.001 |       0.000 |      0.001 |
| VCC_PSADC       |       1.800 |     0.002 |       0.000 |      0.002 |
| MGTAVcc         |       0.900 |     0.000 |       0.000 |      0.000 |
| MGTAVtt         |       1.200 |     0.000 |       0.000 |      0.000 |
| MGTVccaux       |       1.800 |     0.000 |       0.000 |      0.000 |
+-----------------+-------------+-----------+-------------+------------+


1.3 Confidence Level
--------------------

+-----------------------------+------------+------------------------------------------------+------------------------------------------------------------------------------------------------------------+
| User Input Data             | Confidence | Details                                        | Action                                                                                                     |
+-----------------------------+------------+------------------------------------------------+------------------------------------------------------------------------------------------------------------+
| Design implementation state | High       | Design is routed                               |                                                                                                            |
| Clock nodes activity        | High       | User specified more than 95% of clocks         |                                                                                                            |
| I/O nodes activity          | High       | User specified more than 95% of inputs         |                                                                                                            |
| Internal nodes activity     | Medium     | User specified less than 25% of internal nodes | Provide missing internal nodes activity with simulation results or by editing the "By Resource Type" views |
| Device models               | High       | Device models are Production                   |                                                                                                            |
|                             |            |                                                |                                                                                                            |
| Overall confidence level    | Medium     |                                                |                                                                                                            |
+-----------------------------+------------+------------------------------------------------+------------------------------------------------------------------------------------------------------------+


2. Settings
-----------

2.1 Environment
---------------

+-----------------------+--------------------------+
| Ambient Temp (C)      | 25.0                     |
| ThetaJA (C/W)         | 1.0                      |
| Airflow (LFM)         | 250                      |
| Heat Sink             | medium (Medium Profile)  |
| ThetaSA (C/W)         | 1.5                      |
| Board Selection       | medium (10"x10")         |
| # of Board Layers     | 12to15 (12 to 15 Layers) |
| Board Temperature (C) | 25.0                     |
+-----------------------+--------------------------+


2.2 Clock Constraints
---------------------

+----------------------------------------------------------+------------------------------------------------------+-----------------+
| Clock                                                    | Domain                                               | Constraint (ns) |
+----------------------------------------------------------+------------------------------------------------------+-----------------+
| clk_pl_0                                                 | sys_bd_i/zynq_ultra_ps_e_0/inst/pl_clk_unbuffered[0] |            10.0 |
| sys_bd_i/mdm_1/U0/Use_E2.BSCAN_I/Use_E2.BSCANE2_I/DRCK   | sys_bd_i/mdm_1/U0/Use_E2.BSCAN_I/DRCK                |            33.3 |
| sys_bd_i/mdm_1/U0/Use_E2.BSCAN_I/Use_E2.BSCANE2_I/UPDATE | sys_bd_i/mdm_1/U0/Use_E2.BSCAN_I/Ext_JTAG_UPDATE     |            66.7 |
+----------------------------------------------------------+------------------------------------------------------+-----------------+


3. Detailed Reports
-------------------

3.1 By Hierarchy
----------------

+-------------------------------+-----------+
| Name                          | Power (W) |
+-------------------------------+-----------+
| sys_bd_wrapper                |     2.891 |
|   sys_bd_i                    |     2.891 |
|     axi_bram_ctrl_0           |     0.002 |
|       U0                      |     0.002 |
|     axi_bram_ctrl_0_bram      |     0.007 |
|       U0                      |     0.007 |
|     axi_cdma_0                |     0.007 |
|       U0                      |     0.007 |
|     axi_mem_intercon          |     0.001 |
|       xbar                    |     0.001 |
|     axi_mem_intercon_1        |     0.003 |
|       s00_couplers            |     0.003 |
|     axi_smc                   |     0.063 |
|       inst                    |     0.063 |
|     microblaze_0              |     0.009 |
|       U0                      |     0.009 |
|     microblaze_0_local_memory |     0.005 |
|       lmb_bram                |     0.005 |
|     microblaze_1              |     0.008 |
|       U0                      |     0.008 |
|     microblaze_1_local_memory |     0.003 |
|       lmb_bram                |     0.003 |
|     ps8_0_axi_periph          |     0.006 |
|       s00_couplers            |     0.006 |
|     zynq_ultra_ps_e_0         |     2.776 |
|       inst                    |     2.776 |
+-------------------------------+-----------+


