22:49:06 INFO  : Registering command handlers for SDK TCF services
22:49:07 INFO  : Launching XSCT server: xsct.bat -interactive E:\Work_Project\suzhou_keda\zcu102_cdma\zcu12_cdma.sdk\temp_xsdb_launch_script.tcl
22:49:09 INFO  : XSCT server has started successfully.
22:49:10 INFO  : Successfully done setting XSCT server connection channel  
22:49:10 INFO  : Successfully done setting SDK workspace  
22:49:10 INFO  : Processing command line option -hwspec E:/Work_Project/suzhou_keda/zcu102_cdma/zcu12_cdma.sdk/sys_bd_wrapper.hdf.
22:51:03 INFO  : Registering command handlers for SDK TCF services
22:51:03 INFO  : Launching XSCT server: xsct.bat -interactive E:\Work_Project\suzhou_keda\zcu102_cdma\zcu12_cdma.sdk\temp_xsdb_launch_script.tcl
22:51:06 INFO  : XSCT server has started successfully.
22:51:06 INFO  : Successfully done setting XSCT server connection channel  
22:51:06 INFO  : Successfully done setting SDK workspace  
22:51:06 INFO  : Processing command line option -hwspec E:/Work_Project/suzhou_keda/zcu102_cdma/zcu12_cdma.sdk/sys_bd_wrapper.hdf.
22:51:06 INFO  : Checking for hwspec changes in the project sys_bd_wrapper_hw_platform_0.
22:51:14 INFO  : SDK has detected change in the last modified timestamps for source hardware specification file Source:1566053436401,  Project:1566053329436
22:51:14 INFO  : The hardware specification for project 'sys_bd_wrapper_hw_platform_0' is different from E:/Work_Project/suzhou_keda/zcu102_cdma/zcu12_cdma.sdk/sys_bd_wrapper.hdf.
22:51:14 INFO  : Copied contents of E:/Work_Project/suzhou_keda/zcu102_cdma/zcu12_cdma.sdk/sys_bd_wrapper.hdf into \sys_bd_wrapper_hw_platform_0\system.hdf.
22:51:28 INFO  : Synchronizing projects in the workspace with the hardware platform specification changes.
22:51:30 INFO  : 
22:51:30 INFO  : Clearing existing target manager status.
22:51:30 INFO  : Workspace synchronized with the new hardware specification file. Cleaning dependent projects...
22:51:30 WARN  : Linker script will not be updated automatically. Users need to update it manually.
23:10:00 INFO  : Registering command handlers for SDK TCF services
23:10:00 INFO  : Launching XSCT server: xsct.bat -interactive E:\Work_Project\suzhou_keda\zcu102_cdma\zcu12_cdma.sdk\temp_xsdb_launch_script.tcl
23:10:02 INFO  : XSCT server has started successfully.
23:10:03 INFO  : Successfully done setting XSCT server connection channel  
23:10:03 INFO  : Successfully done setting SDK workspace  
23:10:03 INFO  : Processing command line option -hwspec E:/Work_Project/suzhou_keda/zcu102_cdma/zcu12_cdma.sdk/sys_bd_wrapper.hdf.
23:10:03 INFO  : Checking for hwspec changes in the project sys_bd_wrapper_hw_platform_0.
23:10:11 INFO  : SDK has detected change in the last modified timestamps for source hardware specification file Source:1566054575866,  Project:1566053436401
23:10:11 INFO  : The hardware specification for project 'sys_bd_wrapper_hw_platform_0' is different from E:/Work_Project/suzhou_keda/zcu102_cdma/zcu12_cdma.sdk/sys_bd_wrapper.hdf.
23:10:11 INFO  : Copied contents of E:/Work_Project/suzhou_keda/zcu102_cdma/zcu12_cdma.sdk/sys_bd_wrapper.hdf into \sys_bd_wrapper_hw_platform_0\system.hdf.
23:10:27 INFO  : Synchronizing projects in the workspace with the hardware platform specification changes.
23:10:29 INFO  : 
23:10:30 INFO  : Updating hardware inferred compiler options for mb_app.
23:10:30 INFO  : Clearing existing target manager status.
23:10:30 INFO  : Workspace synchronized with the new hardware specification file. Cleaning dependent projects...
23:10:30 WARN  : Linker script will not be updated automatically. Users need to update it manually.
23:11:34 INFO  : Example project bsp_apu_xaxicdma_example_simple_poll_1 has been created successfully.
23:31:17 INFO  : Connected to target on host '127.0.0.1' and port '3121'.
23:31:18 INFO  : Jtag cable 'Digilent JTAG-SMT2NC 210308A1D0DB' is selected.
23:31:18 INFO  : 'jtag frequency' command is executed.
23:31:18 INFO  : Sourcing of 'C:/Xilinx/SDK/2018.3/scripts/sdk/util/zynqmp_utils.tcl' is done.
23:31:18 INFO  : 'targets -set -filter {jtag_cable_name =~ "Digilent JTAG-SMT2NC 210308A1D0DB" && level==0} -index 0' command is executed.
23:31:33 INFO  : FPGA configured successfully with bitstream "E:/Work_Project/suzhou_keda/zcu102_cdma/zcu12_cdma.sdk/sys_bd_wrapper_hw_platform_0/sys_bd_wrapper.bit"
23:31:33 INFO  : Context for 'APU' is selected.
23:31:33 INFO  : Hardware design information is loaded from 'E:/Work_Project/suzhou_keda/zcu102_cdma/zcu12_cdma.sdk/sys_bd_wrapper_hw_platform_0/system.hdf'.
23:31:33 INFO  : 'configparams force-mem-access 1' command is executed.
23:31:33 INFO  : Context for 'APU' is selected.
23:31:33 INFO  : Sourcing of 'E:/Work_Project/suzhou_keda/zcu102_cdma/zcu12_cdma.sdk/sys_bd_wrapper_hw_platform_0/psu_init.tcl' is done.
23:31:35 INFO  : 'psu_init' command is executed.
23:31:36 INFO  : 'after 1000' command is executed.
23:31:36 INFO  : 'psu_ps_pl_isolation_removal' command is executed.
23:31:37 INFO  : 'after 1000' command is executed.
23:31:37 INFO  : 'psu_ps_pl_reset_config' command is executed.
23:31:37 INFO  : 'catch {psu_protection}' command is executed.
23:31:37 INFO  : 'configparams mdm-detect-bscan-mask 2' command is executed.
23:31:37 INFO  : Context for processor 'psu_cortexa53_0' is selected.
23:31:37 INFO  : Processor reset is completed for 'psu_cortexa53_0'.
23:31:37 INFO  : The application 'E:/Work_Project/suzhou_keda/zcu102_cdma/zcu12_cdma.sdk/cdma_example/Debug/cdma_example.elf' is downloaded to processor 'psu_cortexa53_0'.
23:31:37 INFO  : 'configparams force-mem-access 0' command is executed.
23:31:37 INFO  : ----------------XSDB Script----------------
connect -url tcp:127.0.0.1:3121
source C:/Xilinx/SDK/2018.3/scripts/sdk/util/zynqmp_utils.tcl
targets -set -filter {jtag_cable_name =~ "Digilent JTAG-SMT2NC 210308A1D0DB" && level==0} -index 0
fpga -file E:/Work_Project/suzhou_keda/zcu102_cdma/zcu12_cdma.sdk/sys_bd_wrapper_hw_platform_0/sys_bd_wrapper.bit
targets -set -nocase -filter {name =~"APU*" && jtag_cable_name =~ "Digilent JTAG-SMT2NC 210308A1D0DB"} -index 1
loadhw -hw E:/Work_Project/suzhou_keda/zcu102_cdma/zcu12_cdma.sdk/sys_bd_wrapper_hw_platform_0/system.hdf -mem-ranges [list {0x80000000 0xbfffffff} {0x400000000 0x5ffffffff} {0x1000000000 0x7fffffffff}]
configparams force-mem-access 1
targets -set -nocase -filter {name =~"APU*" && jtag_cable_name =~ "Digilent JTAG-SMT2NC 210308A1D0DB"} -index 1
source E:/Work_Project/suzhou_keda/zcu102_cdma/zcu12_cdma.sdk/sys_bd_wrapper_hw_platform_0/psu_init.tcl
psu_init
after 1000
psu_ps_pl_isolation_removal
after 1000
psu_ps_pl_reset_config
catch {psu_protection}
configparams mdm-detect-bscan-mask 2
targets -set -nocase -filter {name =~"*A53*0" && jtag_cable_name =~ "Digilent JTAG-SMT2NC 210308A1D0DB"} -index 1
rst -processor
dow E:/Work_Project/suzhou_keda/zcu102_cdma/zcu12_cdma.sdk/cdma_example/Debug/cdma_example.elf
configparams force-mem-access 0
----------------End of Script----------------

23:31:37 INFO  : Memory regions updated for context MicroBlaze #0
23:31:37 INFO  : Memory regions updated for context MicroBlaze #1
23:31:37 INFO  : Memory regions updated for context MicroBlaze #0
23:31:37 INFO  : Context for processor 'psu_cortexa53_0' is selected.
23:31:37 INFO  : 'con' command is executed.
23:31:37 INFO  : ----------------XSDB Script (After Launch)----------------
targets -set -nocase -filter {name =~"*A53*0" && jtag_cable_name =~ "Digilent JTAG-SMT2NC 210308A1D0DB"} -index 1
con
----------------End of Script----------------

23:31:37 INFO  : Launch script is exported to file 'E:\Work_Project\suzhou_keda\zcu102_cdma\zcu12_cdma.sdk\.sdk\launch_scripts\xilinx_c-c++_application_(system_debugger)\system_debugger_using_debug_cdma_example.elf_on_local.tcl'
23:36:19 INFO  : Disconnected from the channel tcfchan#1.
23:36:20 INFO  : Connected to target on host '127.0.0.1' and port '3121'.
23:36:20 INFO  : Jtag cable 'Digilent JTAG-SMT2NC 210308A1D0DB' is selected.
23:36:20 INFO  : 'jtag frequency' command is executed.
23:36:20 INFO  : Sourcing of 'C:/Xilinx/SDK/2018.3/scripts/sdk/util/zynqmp_utils.tcl' is done.
23:36:20 INFO  : Context for 'APU' is selected.
23:36:29 INFO  : Hardware design information is loaded from 'E:/Work_Project/suzhou_keda/zcu102_cdma/zcu12_cdma.sdk/sys_bd_wrapper_hw_platform_0/system.hdf'.
23:36:29 INFO  : 'configparams force-mem-access 1' command is executed.
23:36:29 INFO  : 'configparams mdm-detect-bscan-mask 2' command is executed.
23:36:29 INFO  : Context for processor 'microblaze_0' is selected.
23:36:29 INFO  : Processor reset is completed for 'microblaze_0'.
23:36:29 INFO  : The application 'E:/Work_Project/suzhou_keda/zcu102_cdma/zcu12_cdma.sdk/mb_app/Debug/mb_app.elf' is downloaded to processor 'microblaze_0'.
23:36:29 INFO  : 'configparams force-mem-access 0' command is executed.
23:36:29 INFO  : ----------------XSDB Script----------------
connect -url tcp:127.0.0.1:3121
source C:/Xilinx/SDK/2018.3/scripts/sdk/util/zynqmp_utils.tcl
targets -set -nocase -filter {name =~"APU*" && jtag_cable_name =~ "Digilent JTAG-SMT2NC 210308A1D0DB"} -index 1
loadhw -hw E:/Work_Project/suzhou_keda/zcu102_cdma/zcu12_cdma.sdk/sys_bd_wrapper_hw_platform_0/system.hdf -mem-ranges [list {0x80000000 0xbfffffff} {0x400000000 0x5ffffffff} {0x1000000000 0x7fffffffff}]
configparams force-mem-access 1
configparams mdm-detect-bscan-mask 2
targets -set -nocase -filter {name =~ "microblaze*#0" && bscan=="USER2"  && jtag_cable_name =~ "Digilent JTAG-SMT2NC 210308A1D0DB"} -index 0
rst -processor
dow E:/Work_Project/suzhou_keda/zcu102_cdma/zcu12_cdma.sdk/mb_app/Debug/mb_app.elf
configparams force-mem-access 0
----------------End of Script----------------

23:36:29 INFO  : Memory regions updated for context MicroBlaze #0
23:36:29 INFO  : Memory regions updated for context MicroBlaze #1
23:36:29 INFO  : Memory regions updated for context MicroBlaze #0
23:36:29 INFO  : Context for processor 'microblaze_0' is selected.
23:36:29 INFO  : 'con' command is executed.
23:36:29 INFO  : ----------------XSDB Script (After Launch)----------------
targets -set -nocase -filter {name =~ "microblaze*#0" && bscan=="USER2"  && jtag_cable_name =~ "Digilent JTAG-SMT2NC 210308A1D0DB"} -index 0
con
----------------End of Script----------------

23:36:29 INFO  : Launch script is exported to file 'E:\Work_Project\suzhou_keda\zcu102_cdma\zcu12_cdma.sdk\.sdk\launch_scripts\xilinx_c-c++_application_(system_debugger)\system_debugger_using_debug_mb_app.elf_on_local.tcl'
23:38:04 INFO  : Disconnected from the channel tcfchan#2.
23:38:05 INFO  : Connected to target on host '127.0.0.1' and port '3121'.
23:38:05 INFO  : Jtag cable 'Digilent JTAG-SMT2NC 210308A1D0DB' is selected.
23:38:05 INFO  : 'jtag frequency' command is executed.
23:38:05 INFO  : Sourcing of 'C:/Xilinx/SDK/2018.3/scripts/sdk/util/zynqmp_utils.tcl' is done.
23:38:05 INFO  : Context for 'APU' is selected.
23:38:06 INFO  : Hardware design information is loaded from 'E:/Work_Project/suzhou_keda/zcu102_cdma/zcu12_cdma.sdk/sys_bd_wrapper_hw_platform_0/system.hdf'.
23:38:06 INFO  : 'configparams force-mem-access 1' command is executed.
23:38:06 INFO  : 'configparams mdm-detect-bscan-mask 2' command is executed.
23:38:06 INFO  : Context for processor 'microblaze_0' is selected.
23:38:06 INFO  : Processor reset is completed for 'microblaze_0'.
23:38:06 INFO  : The application 'E:/Work_Project/suzhou_keda/zcu102_cdma/zcu12_cdma.sdk/mb_app/Debug/mb_app.elf' is downloaded to processor 'microblaze_0'.
23:38:06 INFO  : 'configparams force-mem-access 0' command is executed.
23:38:06 INFO  : ----------------XSDB Script----------------
connect -url tcp:127.0.0.1:3121
source C:/Xilinx/SDK/2018.3/scripts/sdk/util/zynqmp_utils.tcl
targets -set -nocase -filter {name =~"APU*" && jtag_cable_name =~ "Digilent JTAG-SMT2NC 210308A1D0DB"} -index 1
loadhw -hw E:/Work_Project/suzhou_keda/zcu102_cdma/zcu12_cdma.sdk/sys_bd_wrapper_hw_platform_0/system.hdf -mem-ranges [list {0x80000000 0xbfffffff} {0x400000000 0x5ffffffff} {0x1000000000 0x7fffffffff}]
configparams force-mem-access 1
configparams mdm-detect-bscan-mask 2
targets -set -nocase -filter {name =~ "microblaze*#0" && bscan=="USER2"  && jtag_cable_name =~ "Digilent JTAG-SMT2NC 210308A1D0DB"} -index 0
rst -processor
dow E:/Work_Project/suzhou_keda/zcu102_cdma/zcu12_cdma.sdk/mb_app/Debug/mb_app.elf
configparams force-mem-access 0
----------------End of Script----------------

23:38:06 INFO  : Memory regions updated for context MicroBlaze #0
23:38:06 INFO  : Memory regions updated for context MicroBlaze #1
23:38:06 INFO  : Memory regions updated for context MicroBlaze #0
23:38:06 INFO  : Context for processor 'microblaze_0' is selected.
23:38:06 INFO  : 'con' command is executed.
23:38:06 INFO  : ----------------XSDB Script (After Launch)----------------
targets -set -nocase -filter {name =~ "microblaze*#0" && bscan=="USER2"  && jtag_cable_name =~ "Digilent JTAG-SMT2NC 210308A1D0DB"} -index 0
con
----------------End of Script----------------

23:38:06 INFO  : Launch script is exported to file 'E:\Work_Project\suzhou_keda\zcu102_cdma\zcu12_cdma.sdk\.sdk\launch_scripts\xilinx_c-c++_application_(system_debugger)\system_debugger_using_debug_mb_app.elf_on_local.tcl'
23:41:17 INFO  : Disconnected from the channel tcfchan#3.
23:43:11 INFO  : Registering command handlers for SDK TCF services
23:43:12 INFO  : Launching XSCT server: xsct.bat -interactive E:\Work_Project\suzhou_keda\zcu102_cdma\zcu12_cdma.sdk\temp_xsdb_launch_script.tcl
23:43:14 INFO  : XSCT server has started successfully.
23:43:14 INFO  : Successfully done setting XSCT server connection channel  
23:43:14 INFO  : Successfully done setting SDK workspace  
23:43:14 INFO  : Processing command line option -hwspec E:/Work_Project/suzhou_keda/zcu102_cdma/zcu12_cdma.sdk/sys_bd_wrapper.hdf.
23:43:14 INFO  : Checking for hwspec changes in the project sys_bd_wrapper_hw_platform_0.
23:43:23 INFO  : SDK has detected change in the last modified timestamps for source hardware specification file Source:1566056570920,  Project:1566054575866
23:43:23 INFO  : The hardware specification for project 'sys_bd_wrapper_hw_platform_0' is different from E:/Work_Project/suzhou_keda/zcu102_cdma/zcu12_cdma.sdk/sys_bd_wrapper.hdf.
23:43:23 INFO  : Copied contents of E:/Work_Project/suzhou_keda/zcu102_cdma/zcu12_cdma.sdk/sys_bd_wrapper.hdf into \sys_bd_wrapper_hw_platform_0\system.hdf.
23:43:40 INFO  : Synchronizing projects in the workspace with the hardware platform specification changes.
23:43:42 INFO  : 
23:43:44 INFO  : 
23:43:45 INFO  : Updating hardware inferred compiler options for cdma_example.
23:43:46 INFO  : Updating hardware inferred compiler options for mb_app.
23:43:46 INFO  : Clearing existing target manager status.
23:44:06 INFO  : Connected to target on host '127.0.0.1' and port '3121'.
23:44:07 INFO  : Jtag cable 'Digilent JTAG-SMT2NC 210308A1D0DB' is selected.
23:44:07 INFO  : 'jtag frequency' command is executed.
23:44:07 INFO  : Sourcing of 'C:/Xilinx/SDK/2018.3/scripts/sdk/util/zynqmp_utils.tcl' is done.
23:44:07 INFO  : 'targets -set -filter {jtag_cable_name =~ "Digilent JTAG-SMT2NC 210308A1D0DB" && level==0} -index 0' command is executed.
23:44:22 INFO  : FPGA configured successfully with bitstream "E:/Work_Project/suzhou_keda/zcu102_cdma/zcu12_cdma.sdk/sys_bd_wrapper_hw_platform_0/sys_bd_wrapper.bit"
23:44:22 INFO  : Context for 'APU' is selected.
23:44:22 INFO  : Hardware design information is loaded from 'E:/Work_Project/suzhou_keda/zcu102_cdma/zcu12_cdma.sdk/sys_bd_wrapper_hw_platform_0/system.hdf'.
23:44:22 INFO  : 'configparams force-mem-access 1' command is executed.
23:44:22 INFO  : Context for 'APU' is selected.
23:44:22 INFO  : Sourcing of 'E:/Work_Project/suzhou_keda/zcu102_cdma/zcu12_cdma.sdk/sys_bd_wrapper_hw_platform_0/psu_init.tcl' is done.
23:44:24 INFO  : 'psu_init' command is executed.
23:44:25 INFO  : 'after 1000' command is executed.
23:44:25 INFO  : 'psu_ps_pl_isolation_removal' command is executed.
23:44:26 INFO  : 'after 1000' command is executed.
23:44:26 INFO  : 'psu_ps_pl_reset_config' command is executed.
23:44:26 INFO  : 'catch {psu_protection}' command is executed.
23:44:26 INFO  : 'configparams mdm-detect-bscan-mask 2' command is executed.
23:44:26 INFO  : Context for processor 'psu_cortexa53_0' is selected.
23:44:26 INFO  : Processor reset is completed for 'psu_cortexa53_0'.
23:44:26 INFO  : The application 'E:/Work_Project/suzhou_keda/zcu102_cdma/zcu12_cdma.sdk/cdma_example/Debug/cdma_example.elf' is downloaded to processor 'psu_cortexa53_0'.
23:44:26 INFO  : 'configparams force-mem-access 0' command is executed.
23:44:26 INFO  : ----------------XSDB Script----------------
connect -url tcp:127.0.0.1:3121
source C:/Xilinx/SDK/2018.3/scripts/sdk/util/zynqmp_utils.tcl
targets -set -filter {jtag_cable_name =~ "Digilent JTAG-SMT2NC 210308A1D0DB" && level==0} -index 0
fpga -file E:/Work_Project/suzhou_keda/zcu102_cdma/zcu12_cdma.sdk/sys_bd_wrapper_hw_platform_0/sys_bd_wrapper.bit
targets -set -nocase -filter {name =~"APU*" && jtag_cable_name =~ "Digilent JTAG-SMT2NC 210308A1D0DB"} -index 1
loadhw -hw E:/Work_Project/suzhou_keda/zcu102_cdma/zcu12_cdma.sdk/sys_bd_wrapper_hw_platform_0/system.hdf -mem-ranges [list {0x80000000 0xbfffffff} {0x400000000 0x5ffffffff} {0x1000000000 0x7fffffffff}]
configparams force-mem-access 1
targets -set -nocase -filter {name =~"APU*" && jtag_cable_name =~ "Digilent JTAG-SMT2NC 210308A1D0DB"} -index 1
source E:/Work_Project/suzhou_keda/zcu102_cdma/zcu12_cdma.sdk/sys_bd_wrapper_hw_platform_0/psu_init.tcl
psu_init
after 1000
psu_ps_pl_isolation_removal
after 1000
psu_ps_pl_reset_config
catch {psu_protection}
configparams mdm-detect-bscan-mask 2
targets -set -nocase -filter {name =~"*A53*0" && jtag_cable_name =~ "Digilent JTAG-SMT2NC 210308A1D0DB"} -index 1
rst -processor
dow E:/Work_Project/suzhou_keda/zcu102_cdma/zcu12_cdma.sdk/cdma_example/Debug/cdma_example.elf
configparams force-mem-access 0
----------------End of Script----------------

23:44:26 INFO  : Memory regions updated for context MicroBlaze #0
23:44:26 INFO  : Memory regions updated for context MicroBlaze #1
23:44:26 INFO  : Memory regions updated for context MicroBlaze #0
23:44:26 INFO  : Context for processor 'psu_cortexa53_0' is selected.
23:44:27 INFO  : 'con' command is executed.
23:44:27 INFO  : ----------------XSDB Script (After Launch)----------------
targets -set -nocase -filter {name =~"*A53*0" && jtag_cable_name =~ "Digilent JTAG-SMT2NC 210308A1D0DB"} -index 1
con
----------------End of Script----------------

23:44:27 INFO  : Launch script is exported to file 'E:\Work_Project\suzhou_keda\zcu102_cdma\zcu12_cdma.sdk\.sdk\launch_scripts\xilinx_c-c++_application_(system_debugger)\system_debugger_using_debug_cdma_example.elf_on_local.tcl'
23:48:46 INFO  : Disconnected from the channel tcfchan#1.
